<?xml version="1.0" encoding="UTF-8"?>
<!-- Generated by org.testng.reporters.JUnitReportReporter -->
<testsuite hostname="DESKTOP-BPT71G8" name="testcaserms.logintest" tests="2" failures="0" timestamp="16 Aug 2020 12:33:39 GMT" time="25.860" errors="0">
  <testcase name="lgnpge" time="16.693" classname="testcaserms.logintest"/>
  <testcase name="logotest" time="9.167" classname="testcaserms.logintest"/>
</testsuite> <!-- testcaserms.logintest -->
